[2025-10-11 03:16:34] local.ERROR: filemtime(): stat failed for /Users/winstongoey/Documents/GitHub/Chimimi/Chimimi/.env {"exception":"[object] (ErrorException(code: 0): filemtime(): stat failed for /Users/winstongoey/Documents/GitHub/Chimimi/Chimimi/.env at /Users/winstongoey/Documents/GitHub/Chimimi/Chimimi/vendor/laravel/framework/src/Illuminate/Foundation/Console/ServeCommand.php:144)
[stacktrace]
#0 /Users/winstongoey/Documents/GitHub/Chimimi/Chimimi/vendor/laravel/framework/src/Illuminate/Foundation/Bootstrap/HandleExceptions.php(258): Illuminate\\Foundation\\Bootstrap\\HandleExceptions->handleError(2, 'filemtime(): st...', '/Users/winstong...', 144)
#1 [internal function]: Illuminate\\Foundation\\Bootstrap\\HandleExceptions->{closure:Illuminate\\Foundation\\Bootstrap\\HandleExceptions::forwardsTo():257}(2, 'filemtime(): st...', '/Users/winstong...', 144)
#2 /Users/winstongoey/Documents/GitHub/Chimimi/Chimimi/vendor/laravel/framework/src/Illuminate/Foundation/Console/ServeCommand.php(144): filemtime('/Users/winstong...')
#3 /Users/winstongoey/Documents/GitHub/Chimimi/Chimimi/vendor/laravel/framework/src/Illuminate/Container/BoundMethod.php(36): Illuminate\\Foundation\\Console\\ServeCommand->handle()
#4 /Users/winstongoey/Documents/GitHub/Chimimi/Chimimi/vendor/laravel/framework/src/Illuminate/Container/Util.php(43): Illuminate\\Container\\BoundMethod::{closure:Illuminate\\Container\\BoundMethod::call():35}()
#5 /Users/winstongoey/Documents/GitHub/Chimimi/Chimimi/vendor/laravel/framework/src/Illuminate/Container/BoundMethod.php(96): Illuminate\\Container\\Util::unwrapIfClosure(Object(Closure))
#6 /Users/winstongoey/Documents/GitHub/Chimimi/Chimimi/vendor/laravel/framework/src/Illuminate/Container/BoundMethod.php(35): Illuminate\\Container\\BoundMethod::callBoundMethod(Object(Illuminate\\Foundation\\Application), Array, Object(Closure))
#7 /Users/winstongoey/Documents/GitHub/Chimimi/Chimimi/vendor/laravel/framework/src/Illuminate/Container/Container.php(836): Illuminate\\Container\\BoundMethod::call(Object(Illuminate\\Foundation\\Application), Array, Array, NULL)
#8 /Users/winstongoey/Documents/GitHub/Chimimi/Chimimi/vendor/laravel/framework/src/Illuminate/Console/Command.php(211): Illuminate\\Container\\Container->call(Array)
#9 /Users/winstongoey/Documents/GitHub/Chimimi/Chimimi/vendor/symfony/console/Command/Command.php(318): Illuminate\\Console\\Command->execute(Object(Symfony\\Component\\Console\\Input\\ArgvInput), Object(Illuminate\\Console\\OutputStyle))
#10 /Users/winstongoey/Documents/GitHub/Chimimi/Chimimi/vendor/laravel/framework/src/Illuminate/Console/Command.php(180): Symfony\\Component\\Console\\Command\\Command->run(Object(Symfony\\Component\\Console\\Input\\ArgvInput), Object(Illuminate\\Console\\OutputStyle))
#11 /Users/winstongoey/Documents/GitHub/Chimimi/Chimimi/vendor/symfony/console/Application.php(1110): Illuminate\\Console\\Command->run(Object(Symfony\\Component\\Console\\Input\\ArgvInput), Object(Symfony\\Component\\Console\\Output\\ConsoleOutput))
#12 /Users/winstongoey/Documents/GitHub/Chimimi/Chimimi/vendor/symfony/console/Application.php(359): Symfony\\Component\\Console\\Application->doRunCommand(Object(Illuminate\\Foundation\\Console\\ServeCommand), Object(Symfony\\Component\\Console\\Input\\ArgvInput), Object(Symfony\\Component\\Console\\Output\\ConsoleOutput))
#13 /Users/winstongoey/Documents/GitHub/Chimimi/Chimimi/vendor/symfony/console/Application.php(194): Symfony\\Component\\Console\\Application->doRun(Object(Symfony\\Component\\Console\\Input\\ArgvInput), Object(Symfony\\Component\\Console\\Output\\ConsoleOutput))
#14 /Users/winstongoey/Documents/GitHub/Chimimi/Chimimi/vendor/laravel/framework/src/Illuminate/Foundation/Console/Kernel.php(197): Symfony\\Component\\Console\\Application->run(Object(Symfony\\Component\\Console\\Input\\ArgvInput), Object(Symfony\\Component\\Console\\Output\\ConsoleOutput))
#15 /Users/winstongoey/Documents/GitHub/Chimimi/Chimimi/vendor/laravel/framework/src/Illuminate/Foundation/Application.php(1235): Illuminate\\Foundation\\Console\\Kernel->handle(Object(Symfony\\Component\\Console\\Input\\ArgvInput), Object(Symfony\\Component\\Console\\Output\\ConsoleOutput))
#16 /Users/winstongoey/Documents/GitHub/Chimimi/Chimimi/artisan(16): Illuminate\\Foundation\\Application->handleCommand(Object(Symfony\\Component\\Console\\Input\\ArgvInput))
#17 {main}
"} 
